<?xml version="1.0" encoding="UTF-8"?>
<!-- Generated by org.testng.reporters.JUnitXMLReporter -->
<testsuite hostname="ganu-THINK" ignored="0" name="demoblaza_test" tests="4" failures="0" timestamp="2020-04-12T14:05:00 EDT" time="73.176" errors="0">
  <testcase name="login" time="20.596" classname="com.Demoblaze.TestRunner.Signup_TestRunner"/>
  <testcase name="login" time="18.445" classname="com.Demoblaze.TestRunner.Login_TestRunner"/>
  <testcase name="login" time="21.132" classname="com.Demoblaze.TestRunner.PlacingOrder_TestRunner"/>
  <testcase name="login" time="12.121" classname="com.Demoblaze.TestRunner.Contact_TestRunner"/>
</testsuite> <!-- demoblaza_test -->
