<?xml version="1.0" encoding="UTF-8"?>
<!-- Generated by org.testng.reporters.JUnitXMLReporter -->
<testsuite hostname="ganu-THINK" ignored="0" name="TestNG" tests="4" failures="0" timestamp="2020-04-12T12:24:07 EDT" time="70.51" errors="0">
  <testcase name="login" time="20.671" classname="com.Demoblaze.TestRunner.TestRunner"/>
  <testcase name="login" time="16.632" classname="com.Demoblaze.TestRunner.TestRunner"/>
  <testcase name="login" time="21.17" classname="com.Demoblaze.TestRunner.TestRunner"/>
  <testcase name="login" time="11.458" classname="com.Demoblaze.TestRunner.TestRunner"/>
</testsuite> <!-- TestNG -->
